<?xml version="1.0" encoding="UTF-8"?>
<testsuite xmlns:xsi="http://www.w3.org/2001/XMLSchema-instance" xsi:noNamespaceSchemaLocation="https://maven.apache.org/surefire/maven-surefire-plugin/xsd/surefire-test-report-3.0.xsd" version="3.0" name="GetOrderNumberTest" time="3.127" tests="3" errors="0" skipped="0" failures="0">
  <properties>
[...]
</properties>
  <testcase name="getOrderNotFoundNumber" classname="GetOrderNumberTest" time="2.656">
    <system-out><![CDATA[{"code":404,"message":"Заказ не найден"}
]]></system-out>
  </testcase>
  <testcase name="getOrderNumber" classname="GetOrderNumberTest" time="0.259">
    <system-out><![CDATA[{"order":{"id":619074,"firstName":null,"lastName":null,"address":null,"metroStation":null,"phone":null,"rentTime":null,"deliveryDate":null,"track":320578,"color":null,"comment":null,"cancelled":false,"finished":false,"inDelivery":false,"createdAt":"2026-02-03T07:39:03.700Z","updatedAt":"2026-02-03T07:39:03.700Z","status":0}}
]]></system-out>
  </testcase>
  <testcase name="getOrderNotNumber" classname="GetOrderNumberTest" time="0.158">
    <system-out><![CDATA[{"code":400,"message":"Недостаточно данных для поиска"}
]]></system-out>
  </testcase>
</testsuite>